
************************* Automation process started *********************

Home Page loaded

============ Running Review : 1 ============


Data written

!!! Issue in fetching review

Traceback (most recent call last):
  File "c:\Users\Subhojit Guin\Projects\Automate_Everything_with_Python\selenium-project\myntra_scrapper.py", line 95, in navigate_and_extract_review
    ActionChains.move_to_element(RatingsObj)
TypeError: ActionChains.move_to_element() missing 1 required positional argument: 'to_element'

During handling of the above exception, another exception occurred:

Traceback (most recent call last):
  File "c:\Users\Subhojit Guin\Projects\Automate_Everything_with_Python\selenium-project\myntra_scrapper.py", line 99, in navigate_and_extract_review
    wait(Driver, 15).until(EC.visibility_of_element_located((By.XPATH, "(//span[contains(@class, 'user-review-starRating')])[" + str(Search - 1) + "]"))).text
    ^^^^^^^^^^^^^^^^^^^^^^^^^^^^^^^^^^^^^^^^^^^^^^^^^^^^^^^^^^^^^^^^^^^^^^^^^^^^^^^^^^^^^^^^^^^^^^^^^^^^^^^^^^^^^^^^^^^^^^^^^^^^^^^^^^^^^^^^^^^^^^^^^^^^^
  File "C:\Users\Subhojit Guin\Projects\Automate_Everything_with_Python\selenium-project\.venv\Lib\site-packages\selenium\webdriver\support\wait.py", line 105, in until
    raise TimeoutException(message, screen, stacktrace)
selenium.common.exceptions.TimeoutException: Message: 
Stacktrace:
	GetHandleVerifier [0x00007FF6B8DFB125+29573]
	(No symbol) [0x00007FF6B8D6FF50]
	(No symbol) [0x00007FF6B8C2B6EA]
	(No symbol) [0x00007FF6B8C7F815]
	(No symbol) [0x00007FF6B8C7FA6C]
	(No symbol) [0x00007FF6B8CCB917]
	(No symbol) [0x00007FF6B8CA733F]
	(No symbol) [0x00007FF6B8CC86BC]
	(No symbol) [0x00007FF6B8CA70A3]
	(No symbol) [0x00007FF6B8C712DF]
	(No symbol) [0x00007FF6B8C72441]
	GetHandleVerifier [0x00007FF6B912C76D+3377613]
	GetHandleVerifier [0x00007FF6B9177B67+3685831]
	GetHandleVerifier [0x00007FF6B916CF8B+3641835]
	GetHandleVerifier [0x00007FF6B8EBB2A6+816390]
	(No symbol) [0x00007FF6B8D7B25F]
	(No symbol) [0x00007FF6B8D77084]
	(No symbol) [0x00007FF6B8D77220]
	(No symbol) [0x00007FF6B8D6607F]
	BaseThreadInitThunk [0x00007FFA3A09257D+29]
	RtlUserThreadStart [0x00007FFA3B08AF08+40]



************************** Automation process ended **********************

